<?xml version="1.0" encoding="UTF-8"?>
<testsuite xmlns:xsi="http://www.w3.org/2001/XMLSchema-instance" xsi:noNamespaceSchemaLocation="https://maven.apache.org/surefire/maven-surefire-plugin/xsd/surefire-test-report-3.0.xsd" version="3.0" name="gestors.TestGestor" time="5.828" tests="21" errors="0" skipped="0" failures="0">
  <properties>
[...]
</properties>
  <testcase name="testEsborraEstacio(String)[1]" classname="gestors.TestGestor" time="0.634">
    <system-out><![CDATA[[EL Info]: 2026-04-19 12:01:13.057--ServerSession(1435229983)--EclipseLink, version: Eclipse Persistence Services - 2.7.12.v20230209-e5c4074ef3
]]></system-out>
  </testcase>
  <testcase name="testEsborraEstacio(String)[2]" classname="gestors.TestGestor" time="0.207"/>
  <testcase name="testEsborraEstacio(String)[3]" classname="gestors.TestGestor" time="0.191"/>
  <testcase name="testObtePistesNordiquesPerTrepitjada(boolean)[1]" classname="gestors.TestGestor" time="0.177"/>
  <testcase name="testObtePistesNordiquesPerTrepitjada(boolean)[2]" classname="gestors.TestGestor" time="0.157"/>
  <testcase name="testObteItinerarisRaquetesFinsTemps" classname="gestors.TestGestor" time="0.107"/>
  <testcase name="testActualitzaObertaPista(String, boolean, double)[1]" classname="gestors.TestGestor" time="0.127"/>
  <testcase name="testActualitzaObertaPista(String, boolean, double)[2]" classname="gestors.TestGestor" time="0.111"/>
  <testcase name="testActualitzaObertaPista(String, boolean, double)[3]" classname="gestors.TestGestor" time="0.098"/>
  <testcase name="testActualitzaObertaPista(String, boolean, double)[4]" classname="gestors.TestGestor" time="0.088"/>
  <testcase name="testActualitzaGruixNeuPista" classname="gestors.TestGestor" time="0.086"/>
  <testcase name="testAfegeixPista(int)[1]" classname="gestors.TestGestor" time="0.092"/>
  <testcase name="testAfegeixPista(int)[2]" classname="gestors.TestGestor" time="0.105"/>
  <testcase name="testAfegeixPista(int)[3]" classname="gestors.TestGestor" time="0.088"/>
  <testcase name="testObteTotesEstacions" classname="gestors.TestGestor" time="0.117"/>
  <testcase name="testAfegeixEstacio" classname="gestors.TestGestor" time="0.07"/>
  <testcase name="testObtePistesAlpinesEstacioPerColor(String, String, String)[1]" classname="gestors.TestGestor" time="0.079"/>
  <testcase name="testObtePistesAlpinesEstacioPerColor(String, String, String)[2]" classname="gestors.TestGestor" time="0.073"/>
  <testcase name="testObtePistesAlpinesEstacioPerColor(String, String, String)[3]" classname="gestors.TestGestor" time="0.081"/>
  <testcase name="testObtePistesAlpinesEstacioPerColor(String, String, String)[4]" classname="gestors.TestGestor" time="0.061"/>
  <testcase name="testEsborraPista" classname="gestors.TestGestor" time="0.352"/>
</testsuite>