<?xml version="1.0" encoding="UTF-8"?>
<testsuite xmlns:xsi="http://www.w3.org/2001/XMLSchema-instance" xsi:noNamespaceSchemaLocation="https://maven.apache.org/surefire/maven-surefire-plugin/xsd/surefire-test-report-3.0.xsd" version="3.0" name="ex2.gestors.TestGestor" time="1.326" tests="10" errors="0" skipped="0" failures="0">
  <properties>
[...]
</properties>
  <testcase name="testLlegirFitxerJSON" classname="ex2.gestors.TestGestor" time="0.299">
    <system-out><![CDATA[llegirFitxerJSON
]]></system-out>
  </testcase>
  <testcase name="testGravarFitxerXML" classname="ex2.gestors.TestGestor" time="0.672">
    <system-out><![CDATA[gravarFitxerXML
]]></system-out>
  </testcase>
  <testcase name="testLlegirFitxerXML" classname="ex2.gestors.TestGestor" time="0.056">
    <system-out><![CDATA[llegirFitxerXML
]]></system-out>
  </testcase>
  <testcase name="testActualitzaEstatObertura(List, int)[1]" classname="ex2.gestors.TestGestor" time="0.048"/>
  <testcase name="testActualitzaEstatObertura(List, int)[2]" classname="ex2.gestors.TestGestor" time="0.004"/>
  <testcase name="testActualitzaEstatObertura(List, int)[3]" classname="ex2.gestors.TestGestor" time="0.005"/>
  <testcase name="testActualitzaEstatObertura(List, int)[4]" classname="ex2.gestors.TestGestor" time="0.006"/>
  <testcase name="testActualitzaEstatObertura(List, int)[5]" classname="ex2.gestors.TestGestor" time="0.006"/>
  <testcase name="testActualitzaEstatObertura(List, int)[6]" classname="ex2.gestors.TestGestor" time="0.002"/>
  <testcase name="testGravarFitxerJSON" classname="ex2.gestors.TestGestor" time="0.031">
    <system-out><![CDATA[gravarFitxerJSON
]]></system-out>
  </testcase>
</testsuite>